Copyright 1986-2021 Xilinx, Inc. All Rights Reserved.
------------------------------------------------------------------------------------
| Tool Version : Vivado v.2021.2 (lin64) Build 3367213 Tue Oct 19 02:47:39 MDT 2021
| Date         : Wed May 25 01:56:51 2022
| Host         : 10ead46d1b71 running 64-bit Ubuntu 18.04.6 LTS
| Command      : report_control_sets -verbose -file top_control_sets_placed.rpt
| Design       : top
| Device       : xc7a100t
------------------------------------------------------------------------------------

Control Set Information

Table of Contents
-----------------
1. Summary
2. Histogram
3. Flip-Flop Distribution
4. Detailed Control Set Information

1. Summary
----------

+----------------------------------------------------------+-------+
|                          Status                          | Count |
+----------------------------------------------------------+-------+
| Total control sets                                       |    10 |
|    Minimum number of control sets                        |    10 |
|    Addition due to synthesis replication                 |     0 |
|    Addition due to physical synthesis replication        |     0 |
| Unused register locations in slices containing registers |    52 |
+----------------------------------------------------------+-------+
* Control sets can be merged at opt_design using control_set_merge or merge_equivalent_drivers
** Run report_qor_suggestions for automated merging and remapping suggestions


2. Histogram
------------

+--------------------+-------+
|       Fanout       | Count |
+--------------------+-------+
| Total control sets |    10 |
| >= 0 to < 4        |     4 |
| >= 4 to < 6        |     3 |
| >= 6 to < 8        |     0 |
| >= 8 to < 10       |     1 |
| >= 10 to < 12      |     0 |
| >= 12 to < 14      |     0 |
| >= 14 to < 16      |     0 |
| >= 16              |     2 |
+--------------------+-------+
* Control sets can be remapped at either synth_design or opt_design


3. Flip-Flop Distribution
-------------------------

+--------------+-----------------------+------------------------+-----------------+--------------+
| Clock Enable | Synchronous Set/Reset | Asynchronous Set/Reset | Total Registers | Total Slices |
+--------------+-----------------------+------------------------+-----------------+--------------+
| No           | No                    | No                     |              34 |           11 |
| No           | No                    | Yes                    |               0 |            0 |
| No           | Yes                   | No                     |               0 |            0 |
| Yes          | No                    | No                     |              36 |           10 |
| Yes          | No                    | Yes                    |               0 |            0 |
| Yes          | Yes                   | No                     |              14 |            4 |
+--------------+-----------------------+------------------------+-----------------+--------------+


4. Detailed Control Set Information
-----------------------------------

+-----------------------+-----------------------------------+-------------------------------+------------------+----------------+--------------+
|      Clock Signal     |           Enable Signal           |        Set/Reset Signal       | Slice Load Count | Bel Load Count | Bels / Slice |
+-----------------------+-----------------------------------+-------------------------------+------------------+----------------+--------------+
|  CLK50MHZ             | keyboard/debounce/O01_out         |                               |                1 |              1 |         1.00 |
|  CLK50MHZ             | keyboard/debounce/Iv0_i_1_n_0     |                               |                1 |              1 |         1.00 |
|  CLK50MHZ             | keyboard/debounce/Iv1_i_1_n_0     |                               |                1 |              1 |         1.00 |
|  CLK50MHZ             | keyboard/debounce/O10_out         |                               |                1 |              1 |         1.00 |
| ~keyboard/debounce/O0 | keyboard/cnt                      | keyboard/cnt[3]_i_1_n_0       |                1 |              4 |         4.00 |
|  CLK50MHZ             | keyboard/debounce/cnt1[4]_i_1_n_0 | keyboard/debounce/Iv1_i_1_n_0 |                2 |              5 |         2.50 |
|  CLK50MHZ             | keyboard/debounce/cnt0[4]_i_1_n_0 | keyboard/debounce/Iv0_i_1_n_0 |                1 |              5 |         5.00 |
| ~keyboard/debounce/O0 |                                   |                               |                3 |              9 |         3.00 |
|  CLK100MHZ_IBUF_BUFG  |                                   |                               |                8 |             25 |         3.12 |
|  keyboard/flag_BUFG   | keyboard/keycode[31]_i_1_n_0      |                               |                6 |             32 |         5.33 |
+-----------------------+-----------------------------------+-------------------------------+------------------+----------------+--------------+


